<?xml version="1.0" encoding="UTF-8"?>
<testsuite xmlns:xsi="http://www.w3.org/2001/XMLSchema-instance" xsi:noNamespaceSchemaLocation="https://maven.apache.org/surefire/maven-failsafe-plugin/xsd/failsafe-test-report-3.0.xsd" version="3.0" name="com.Runner_Class.Runner_Classs" time="140.513" tests="1" errors="0" skipped="0" failures="0">
  <properties>
[...]
</properties>
  <testcase name="Test the Creator create resources and Approver approve and then publish" classname="Approver approve and creator publish and unpublish flow" time="137.849">
    <system-out><![CDATA[
Scenario: Test the Creator create resources and Approver approve and then publish                                               # src/test/resources/Feature_File/Publish_unpublish.feature:3
  When user enter CCusername "<CreatorUser>" and CCpassword "<CreatorPassword>"                                                 # com.Step_Definition.Resource_Page_Step.user_enter_c_cusername_and_c_cpassword(java.lang.String,java.lang.String)
Content creator login successfully
  And Click login for Content creator credentials                                                                               # com.Step_Definition.Resource_Page_Step.click_login_for_content_creator_credentials()
User is on Resources page
  Then user navigate resource page and click the create new resource option                                                     # com.Step_Definition.Resource_Page_Step.user_navigate_resource_page_and_click_the_create_new_resource_option()
  And user should  select the video in Resources Type                                                                           # com.Step_Definition.Resource_Page_Step.user_should_select_the_video_in_Resources_Type()
  And user should  enter the resource title and then user should select the topic                                               # com.Step_Definition.Resource_Page_Step.user_should_enter_the_resource_title_and_then_user_should_select_the_topic()
  And user select the ageGroup                                                                                                  # com.Step_Definition.Resource_Page_Step.user_select_the_ageGroup()
  And user enter the video caption "<caption>" and then user click the video source                                             # com.Step_Definition.Resource_Page_Step.user_enter_the_video_caption_and_then_user_click_the_video_source(java.lang.String)
  And user add the  video content link in creator page and then click the save button                                           # com.Step_Definition.Resource_Page_Step.user_add_the_video_content_link_in_creator_page_and_then_click_the_save_button()
  And user enter tags and then click the list of current tags in that click add tag button                                      # com.Step_Definition.Resource_Page_Step.user_enter_tags_and_then_click_the_list_of_current_tags_in_that_click_add_tag_button()
  And user select the approvers list and then click the submit for approval button                                              # com.Step_Definition.Resource_Page_Step.user_select_the_approvers_list_and_then_click_the_submit_for_approval_button()
  And user take screenshot and then click profile option                                                                        # com.Step_Definition.Resource_Page_Step.user_take_screenshot_and_then_click_profile_option()
  And user click the logout option in creator credentials                                                                       # com.Step_Definition.Resource_Page_Step.user_click_the_logout_option_in_creator_credentials()
  And user should enter the ApproverEmailAddress "<ApproverUser>" and ApproverPassword"<ApproverPass>" in approvers credentials # com.Step_Definition.Resource_Page_Step.user_should_enter_the_ApproverEmailAddress_and_ApproverPassword_in_approvers_credentials(java.lang.String,java.lang.String)
  And user click the Login button in approver credentials and user click the Mynotification                                     # com.Step_Definition.Resource_Page_Step.user_click_the_Login_button_in_approver_credentials_and_user_click_the_Mynotification()
  And user click the newly added resources and then click the approve button                                                    # com.Step_Definition.Resource_Page_Step.user_click_the_newly_added_resources_and_then_click_the_approve_button()
  And users click the profile and users click logout button in approver credential                                              # com.Step_Definition.Resource_Page_Step.users_click_the_profile_and_users_click_logout_button_in_approver_credentials()
  And user should enters the creator credential "<CreatorUser>" and  "<CreatorPassword>" and login the creator page             # com.Step_Definition.Resource_Page_Step.user_should_enters_the_creator_credential_and_and_login_the_creator_page(java.lang.String,java.lang.String)
  And user click the my Notification by creater in that user click the newly added resource                                     # com.Step_Definition.Resource_Page_Step.user_click_the_my_Notification_by_creater_in_that_user_click_the_newly_added_resource()
  And user click the publish button in creator credentials                                                                      # com.Step_Definition.Resource_Page_Step.user_click_the_publish_button_in_creator_credentials()
  And user cick newest one and also click unpublish                                                                             # com.Step_Definition.Resource_Page_Step.user_cick_newest_one_and_also_click_unpublish()
  And user logout the creator credentials                                                                                       # com.Step_Definition.Resource_Page_Step.user_logout_the_creator_credentials()
]]></system-out>
    <system-err><![CDATA[SLF4J: Failed to load class "org.slf4j.impl.StaticLoggerBinder".
SLF4J: Defaulting to no-operation (NOP) logger implementation
SLF4J: See http://www.slf4j.org/codes.html#StaticLoggerBinder for further details.
Starting ChromeDriver 109.0.5414.74 (e7c5703604daa9cc128ccf5a5d3e993513758913-refs/branch-heads/5414@{#1172}) on port 43227
Only local connections are allowed.
Please see https://chromedriver.chromium.org/security-considerations for suggestions on keeping ChromeDriver safe.
ChromeDriver was started successfully.
Feb 02, 2023 6:01:34 PM org.openqa.selenium.remote.ProtocolHandshake createSession
INFO: Detected dialect: W3C
]]></system-err>
  </testcase>
</testsuite>